#
# A fatal error has been detected by the Java Runtime Environment:
#
#  EXCEPTION_ACCESS_VIOLATION (0xc0000005) at pc=0x00007ffdd8a6e513, pid=92512, tid=0x00000000000164fc
#
# JRE version: Java(TM) SE Runtime Environment (8.0_191-b12) (build 1.8.0_191-b12)
# Java VM: Java HotSpot(TM) 64-Bit Server VM (25.191-b12 mixed mode windows-amd64 compressed oops)
# Problematic frame:
# C  [assimp.dll+0x1e513]
#
# Failed to write core dump. Minidumps are not enabled by default on client versions of Windows
#
# If you would like to submit a bug report, please visit:
#   http://bugreport.java.com/bugreport/crash.jsp
# The crash happened outside the Java Virtual Machine in native code.
# See problematic frame for where to report the bug.
#

---------------  T H R E A D  ---------------

Current thread (0x0000000003274000):  JavaThread "main" [_thread_in_native, id=91388, stack(0x0000000002fe0000,0x00000000030e0000)]

siginfo: ExceptionCode=0xc0000005, reading address 0x0000000000000000

Registers:
RAX=0x00000000030dece8, RBX=0x000000002438f140, RCX=0x000000002438f140, RDX=0x0000000000000000
RSP=0x00000000030de9d0, RBP=0x00000000030dedc8, RSI=0x000000002438f140, RDI=0xffffffffffffffff
R8 =0x0000000000000000, R9 =0x000000000000006e, R10=0x000000002ad5b390, R11=0x0000000000000000
R12=0x0000000000000000, R13=0x0000000000000000, R14=0x0000000000000000, R15=0x0000000000a00002
RIP=0x00007ffdd8a6e513, EFLAGS=0x0000000000010256

Top of Stack: (sp=0x00000000030de9d0)
0x00000000030de9d0:   0000000000000004 00007ffe189ed997
0x00000000030de9e0:   0000000000000040 00007ffe00000000
0x00000000030de9f0:   0000000000000000 0000000500000000
0x00000000030dea00:   0000000000000000 000000000000000f
0x00000000030dea10:   0000000000000000 0000000001100000
0x00000000030dea20:   0000000000000000 0000000001100000
0x00000000030dea30:   0000000024244a50 0000000000000000
0x00000000030dea40:   00000000242e0880 0000000001103780
0x00000000030dea50:   0000000001100cc0 0000000000000010
0x00000000030dea60:   0000000000000180 0000000c0000000e
0x00000000030dea70:   000000002438ff30 0000000000000170
0x00000000030dea80:   0000000000000000 0000000000000001
0x00000000030dea90:   0000000000000180 0000000000000000
0x00000000030deaa0:   0000000000000000 0000000001100000
0x00000000030deab0:   0000000000000018 00007ffe189ed997
0x00000000030deac0:   000000002ad5b390 0000000000000000 

Instructions: (pc=0x00007ffdd8a6e513)
0x00007ffdd8a6e4f3:   c7 44 24 38 0f 00 00 00 44 88 74 24 20 48 c7 c7
0x00007ffdd8a6e503:   ff ff ff ff 4c 8b c7 66 0f 1f 44 00 00 49 ff c0
0x00007ffdd8a6e513:   42 80 3c 02 00 75 f6 48 8d 4c 24 20 e8 ec ac fe
0x00007ffdd8a6e523:   ff 90 48 8d 4c 24 20 e8 01 fd ff ff 90 48 8b 06 


Register to memory mapping:

RAX=0x00000000030dece8 is pointing into the stack for thread: 0x0000000003274000
RBX=0x000000002438f140 is an unknown value
RCX=0x000000002438f140 is an unknown value
RDX=0x0000000000000000 is an unknown value
RSP=0x00000000030de9d0 is pointing into the stack for thread: 0x0000000003274000
RBP=0x00000000030dedc8 is pointing into the stack for thread: 0x0000000003274000
RSI=0x000000002438f140 is an unknown value
RDI=0xffffffffffffffff is an unknown value
R8 =0x0000000000000000 is an unknown value
R9 =0x000000000000006e is an unknown value
R10=0x000000002ad5b390 is an unknown value
R11=0x0000000000000000 is an unknown value
R12=0x0000000000000000 is an unknown value
R13=0x0000000000000000 is an unknown value
R14=0x0000000000000000 is an unknown value
R15=0x0000000000a00002 is an unknown value


Stack: [0x0000000002fe0000,0x00000000030e0000],  sp=0x00000000030de9d0,  free space=1018k
Native frames: (J=compiled Java code, j=interpreted, Vv=VM code, C=native code)
C  [assimp.dll+0x1e513]
C  [assimp.dll+0x782a]
C  0x0000000003388627

Java frames: (J=compiled Java code, j=interpreted, Vv=VM code)
j  org.lwjgl.system.JNI.invokePP(JIJ)J+0
j  org.lwjgl.assimp.Assimp.naiImportFile(JI)J+7
j  org.lwjgl.assimp.Assimp.aiImportFile(Ljava/nio/ByteBuffer;I)Lorg/lwjgl/assimp/AIScene;+15
j  com.conceptic.firefly.app.gl.mesh.loader.MeshLoader.load(Ljava/lang/String;)Ljava/util/List;+29
j  com.conceptic.firefly.app.menu.MenuController.onShow(II)V+27
j  com.conceptic.firefly.app.game.GameController.onShow(II)V+6
j  com.conceptic.firefly.app.screen.ScreenController$ScreenActionsListenerImpl$onShow$1.invoke(Lcom/conceptic/firefly/app/screen/support/ScreenUpdatesSubscriber;)V+15
j  com.conceptic.firefly.app.screen.ScreenController$ScreenActionsListenerImpl$onShow$1.invoke(Ljava/lang/Object;)Ljava/lang/Object;+5
j  com.conceptic.firefly.support.Publisher.notify(Lkotlin/jvm/functions/Function1;)V+50
j  com.conceptic.firefly.app.screen.ScreenController$ScreenActionsListenerImpl.onShow(II)V+16
j  com.conceptic.firefly.app.screen.GLFWScreen.showWindow()V+23
j  com.conceptic.firefly.app.screen.ScreenController.show()V+4
j  com.conceptic.firefly.app.Application.run()V+68
j  com.conceptic.firefly.app.Application$Companion.runApplication()V+9
j  com.conceptic.firefly.MainKt.main([Ljava/lang/String;)V+9
v  ~StubRoutines::call_stub

---------------  P R O C E S S  ---------------

Java Threads: ( => current thread )
  0x000000001e959800 JavaThread "Service Thread" daemon [_thread_blocked, id=92308, stack(0x0000000020270000,0x0000000020370000)]
  0x000000001e8b2000 JavaThread "C1 CompilerThread3" daemon [_thread_blocked, id=92884, stack(0x0000000020170000,0x0000000020270000)]
  0x000000001e8b1000 JavaThread "C2 CompilerThread2" daemon [_thread_blocked, id=89728, stack(0x0000000020070000,0x0000000020170000)]
  0x000000001e8ae800 JavaThread "C2 CompilerThread1" daemon [_thread_blocked, id=92288, stack(0x000000001ff70000,0x0000000020070000)]
  0x000000001e8ab000 JavaThread "C2 CompilerThread0" daemon [_thread_blocked, id=74376, stack(0x000000001fe70000,0x000000001ff70000)]
  0x000000001e8a9800 JavaThread "Monitor Ctrl-Break" daemon [_thread_in_native, id=91192, stack(0x000000001fd70000,0x000000001fe70000)]
  0x000000001e715800 JavaThread "Attach Listener" daemon [_thread_blocked, id=89200, stack(0x000000001fc70000,0x000000001fd70000)]
  0x000000001e714800 JavaThread "Signal Dispatcher" daemon [_thread_blocked, id=69168, stack(0x000000001fb70000,0x000000001fc70000)]
  0x000000001d023800 JavaThread "Finalizer" daemon [_thread_blocked, id=91596, stack(0x000000001f970000,0x000000001fa70000)]
  0x000000001e703000 JavaThread "Reference Handler" daemon [_thread_blocked, id=92680, stack(0x000000001f870000,0x000000001f970000)]
=>0x0000000003274000 JavaThread "main" [_thread_in_native, id=91388, stack(0x0000000002fe0000,0x00000000030e0000)]

Other Threads:
  0x000000001d016800 VMThread [stack: 0x000000001f770000,0x000000001f870000] [id=90740]
  0x000000001e9fd000 WatcherThread [stack: 0x0000000020370000,0x0000000020470000] [id=92748]

VM state:not at safepoint (normal execution)

VM Mutex/Monitor currently owned by a thread: None

Heap:
 PSYoungGen      total 76288K, used 18720K [0x000000076af00000, 0x0000000770400000, 0x00000007c0000000)
  eden space 65536K, 14% used [0x000000076af00000,0x000000076b84b328,0x000000076ef00000)
  from space 10752K, 85% used [0x000000076ef00000,0x000000076f7fcce8,0x000000076f980000)
  to   space 10752K, 0% used [0x000000076f980000,0x000000076f980000,0x0000000770400000)
 ParOldGen       total 175104K, used 16K [0x00000006c0c00000, 0x00000006cb700000, 0x000000076af00000)
  object space 175104K, 0% used [0x00000006c0c00000,0x00000006c0c04000,0x00000006cb700000)
 Metaspace       used 18745K, capacity 19069K, committed 19456K, reserved 1067008K
  class space    used 1878K, capacity 1969K, committed 2048K, reserved 1048576K

Card table byte_map: [0x0000000012730000,0x0000000012f30000] byte_map_base: 0x000000000f12a000

Marking Bits: (ParMarkBitMap*) 0x0000000068223e30
 Begin Bits: [0x0000000013e90000, 0x0000000017e60000)
 End Bits:   [0x0000000017e60000, 0x000000001be30000)

Polling page: 0x0000000000df0000

CodeCache: size=245760Kb used=4457Kb max_used=4468Kb free=241302Kb
 bounds [0x0000000003370000, 0x00000000037d0000, 0x0000000012370000]
 total_blobs=2240 nmethods=1237 adapters=917
 compilation: enabled

Compilation events (10 events):
Event: 2.178 Thread 0x000000001e8b2000 nmethod 1232 0x00000000037c9990 code [0x00000000037c9ba0, 0x00000000037ca5d8]
Event: 2.178 Thread 0x000000001e8b2000 1233       3       sun.nio.ch.Util::isBufferTooLarge (8 bytes)
Event: 2.178 Thread 0x000000001e8b2000 nmethod 1233 0x00000000037ca990 code [0x00000000037cab00, 0x00000000037cad90]
Event: 2.178 Thread 0x000000001e8b2000 1234       3       sun.nio.ch.Util$BufferCache::offerFirst (73 bytes)
Event: 2.178 Thread 0x000000001e8b2000 nmethod 1234 0x00000000037cae50 code [0x00000000037cafe0, 0x00000000037cb430]
Event: 2.178 Thread 0x000000001e8b2000 1235       3       sun.nio.ch.Util$BufferCache::next (8 bytes)
Event: 2.178 Thread 0x000000001e8b2000 nmethod 1235 0x00000000037cb610 code [0x00000000037cb780, 0x00000000037cb950]
Event: 2.178 Thread 0x000000001e8b2000 1236       3       java.nio.Buffer::rewind (12 bytes)
Event: 2.178 Thread 0x000000001e8b2000 nmethod 1236 0x00000000037cba10 code [0x00000000037cbb60, 0x00000000037cbcd0]
Event: 2.179 Thread 0x000000001e8ae800 nmethod 1237 0x00000000037ceb90 code [0x00000000037cece0, 0x00000000037ceee8]

GC Heap History (2 events):
Event: 1.966 GC heap before
{Heap before GC invocations=1 (full 0):
 PSYoungGen      total 76288K, used 65536K [0x000000076af00000, 0x0000000770400000, 0x00000007c0000000)
  eden space 65536K, 100% used [0x000000076af00000,0x000000076ef00000,0x000000076ef00000)
  from space 10752K, 0% used [0x000000076f980000,0x000000076f980000,0x0000000770400000)
  to   space 10752K, 0% used [0x000000076ef00000,0x000000076ef00000,0x000000076f980000)
 ParOldGen       total 175104K, used 0K [0x00000006c0c00000, 0x00000006cb700000, 0x000000076af00000)
  object space 175104K, 0% used [0x00000006c0c00000,0x00000006c0c00000,0x00000006cb700000)
 Metaspace       used 17431K, capacity 17725K, committed 18048K, reserved 1064960K
  class space    used 1815K, capacity 1905K, committed 1920K, reserved 1048576K
Event: 1.974 GC heap after
Heap after GC invocations=1 (full 0):
 PSYoungGen      total 76288K, used 9203K [0x000000076af00000, 0x0000000770400000, 0x00000007c0000000)
  eden space 65536K, 0% used [0x000000076af00000,0x000000076af00000,0x000000076ef00000)
  from space 10752K, 85% used [0x000000076ef00000,0x000000076f7fcce8,0x000000076f980000)
  to   space 10752K, 0% used [0x000000076f980000,0x000000076f980000,0x0000000770400000)
 ParOldGen       total 175104K, used 16K [0x00000006c0c00000, 0x00000006cb700000, 0x000000076af00000)
  object space 175104K, 0% used [0x00000006c0c00000,0x00000006c0c04000,0x00000006cb700000)
 Metaspace       used 17431K, capacity 17725K, committed 18048K, reserved 1064960K
  class space    used 1815K, capacity 1905K, committed 1920K, reserved 1048576K
}

Deoptimization events (10 events):
Event: 0.673 Thread 0x0000000003274000 Uncommon trap: reason=unstable_if action=reinterpret pc=0x00000000035f82cc method=java.util.HashMap.getNode(ILjava/lang/Object;)Ljava/util/HashMap$Node; @ 62
Event: 0.759 Thread 0x0000000003274000 Uncommon trap: reason=null_check action=make_not_entrant pc=0x000000000357675c method=java.lang.String.equals(Ljava/lang/Object;)Z @ 8
Event: 0.795 Thread 0x0000000003274000 Uncommon trap: reason=unstable_if action=reinterpret pc=0x0000000003658224 method=java.util.HashMap.getNode(ILjava/lang/Object;)Ljava/util/HashMap$Node; @ 129
Event: 0.795 Thread 0x0000000003274000 Uncommon trap: reason=unstable_if action=reinterpret pc=0x000000000364c414 method=java.util.HashMap.getNode(ILjava/lang/Object;)Ljava/util/HashMap$Node; @ 129
Event: 0.800 Thread 0x0000000003274000 Uncommon trap: reason=range_check action=make_not_entrant pc=0x000000000361fce8 method=sun.reflect.generics.parser.SignatureParser.current()C @ 34
Event: 0.891 Thread 0x0000000003274000 Uncommon trap: reason=class_check action=maybe_recompile pc=0x00000000036716e4 method=java.util.HashMap.putVal(ILjava/lang/Object;Ljava/lang/Object;ZZ)Ljava/lang/Object; @ 203
Event: 0.891 Thread 0x0000000003274000 Uncommon trap: reason=class_check action=maybe_recompile pc=0x00000000036716e4 method=java.util.HashMap.putVal(ILjava/lang/Object;Ljava/lang/Object;ZZ)Ljava/lang/Object; @ 203
Event: 0.897 Thread 0x0000000003274000 Uncommon trap: reason=class_check action=maybe_recompile pc=0x00000000036716e4 method=java.util.HashMap.putVal(ILjava/lang/Object;Ljava/lang/Object;ZZ)Ljava/lang/Object; @ 203
Event: 0.911 Thread 0x0000000003274000 Uncommon trap: reason=class_check action=maybe_recompile pc=0x00000000036716e4 method=java.util.HashMap.putVal(ILjava/lang/Object;Ljava/lang/Object;ZZ)Ljava/lang/Object; @ 203
Event: 2.069 Thread 0x0000000003274000 Uncommon trap: reason=unstable_if action=reinterpret pc=0x000000000368cfd8 method=java.io.WinNTFileSystem.normalize(Ljava/lang/String;)Ljava/lang/String; @ 74

Classes redefined (0 events):
No events

Internal exceptions (10 events):
Event: 1.058 Thread 0x0000000003274000 Exception <a 'sun/nio/fs/WindowsException'> (0x000000076e424660) thrown at [C:\re\workspace\8-2-build-windows-amd64-cygwin\jdk8u191\11896\hotspot\src\share\vm\prims\jni.cpp, line 709]
Event: 1.058 Thread 0x0000000003274000 Exception <a 'sun/nio/fs/WindowsException'> (0x000000076e424d50) thrown at [C:\re\workspace\8-2-build-windows-amd64-cygwin\jdk8u191\11896\hotspot\src\share\vm\prims\jni.cpp, line 709]
Event: 1.073 Thread 0x0000000003274000 Exception <a 'sun/nio/fs/WindowsException'> (0x000000076e553660) thrown at [C:\re\workspace\8-2-build-windows-amd64-cygwin\jdk8u191\11896\hotspot\src\share\vm\prims\jni.cpp, line 709]
Event: 1.073 Thread 0x0000000003274000 Exception <a 'sun/nio/fs/WindowsException'> (0x000000076e553d78) thrown at [C:\re\workspace\8-2-build-windows-amd64-cygwin\jdk8u191\11896\hotspot\src\share\vm\prims\jni.cpp, line 709]
Event: 1.781 Thread 0x0000000003274000 Exception <a 'sun/nio/fs/WindowsException'> (0x000000076e67f958) thrown at [C:\re\workspace\8-2-build-windows-amd64-cygwin\jdk8u191\11896\hotspot\src\share\vm\prims\jni.cpp, line 709]
Event: 1.781 Thread 0x0000000003274000 Exception <a 'sun/nio/fs/WindowsException'> (0x000000076e6800d8) thrown at [C:\re\workspace\8-2-build-windows-amd64-cygwin\jdk8u191\11896\hotspot\src\share\vm\prims\jni.cpp, line 709]
Event: 1.783 Thread 0x0000000003274000 Exception <a 'sun/nio/fs/WindowsException'> (0x000000076e68d4c0) thrown at [C:\re\workspace\8-2-build-windows-amd64-cygwin\jdk8u191\11896\hotspot\src\share\vm\prims\jni.cpp, line 709]
Event: 1.783 Thread 0x0000000003274000 Exception <a 'sun/nio/fs/WindowsException'> (0x000000076e68daf0) thrown at [C:\re\workspace\8-2-build-windows-amd64-cygwin\jdk8u191\11896\hotspot\src\share\vm\prims\jni.cpp, line 709]
Event: 2.179 Thread 0x0000000003274000 Exception <a 'sun/nio/fs/WindowsException'> (0x000000076b747190) thrown at [C:\re\workspace\8-2-build-windows-amd64-cygwin\jdk8u191\11896\hotspot\src\share\vm\prims\jni.cpp, line 709]
Event: 2.179 Thread 0x0000000003274000 Exception <a 'sun/nio/fs/WindowsException'> (0x000000076b7478d0) thrown at [C:\re\workspace\8-2-build-windows-amd64-cygwin\jdk8u191\11896\hotspot\src\share\vm\prims\jni.cpp, line 709]

Events (10 events):
Event: 2.069 Thread 0x0000000003274000 DEOPT PACKING pc=0x000000000368cfd8 sp=0x00000000030ddce0
Event: 2.069 Thread 0x0000000003274000 DEOPT UNPACKING pc=0x00000000033b583b sp=0x00000000030ddc70 mode 2
Event: 2.073 loading class kotlin/io/ByteStreamsKt
Event: 2.073 loading class kotlin/io/ByteStreamsKt done
Event: 2.075 loading class kotlin/io/CloseableKt
Event: 2.075 loading class kotlin/io/CloseableKt done
Event: 2.075 loading class org/lwjgl/assimp/Assimp
Event: 2.075 loading class org/lwjgl/assimp/Assimp done
Event: 2.181 loading class org/lwjgl/assimp/Assimp$Functions
Event: 2.181 loading class org/lwjgl/assimp/Assimp$Functions done


Dynamic libraries:
0x00007ff7a0e90000 - 0x00007ff7a0ec7000 	C:\Program Files\Java\jdk1.8.0_191\bin\java.exe
0x00007ffe189e0000 - 0x00007ffe18bcd000 	C:\Windows\SYSTEM32\ntdll.dll
0x00007ffe17100000 - 0x00007ffe171b3000 	C:\Windows\System32\KERNEL32.DLL
0x00007ffe14b50000 - 0x00007ffe14de3000 	C:\Windows\System32\KERNELBASE.dll
0x00007ffe16760000 - 0x00007ffe16803000 	C:\Windows\System32\ADVAPI32.dll
0x00007ffe16870000 - 0x00007ffe1690e000 	C:\Windows\System32\msvcrt.dll
0x00007ffe15cf0000 - 0x00007ffe15d8e000 	C:\Windows\System32\sechost.dll
0x00007ffe186d0000 - 0x00007ffe187f2000 	C:\Windows\System32\RPCRT4.dll
0x00007ffe15d90000 - 0x00007ffe15f27000 	C:\Windows\System32\USER32.dll
0x00007ffe150d0000 - 0x00007ffe150f0000 	C:\Windows\System32\win32u.dll
0x00007ffe15c60000 - 0x00007ffe15c89000 	C:\Windows\System32\GDI32.dll
0x00007ffe15240000 - 0x00007ffe153d9000 	C:\Windows\System32\gdi32full.dll
0x00007ffe150f0000 - 0x00007ffe15190000 	C:\Windows\System32\msvcp_win.dll
0x00007ffe14df0000 - 0x00007ffe14eea000 	C:\Windows\System32\ucrtbase.dll
0x00007ffe07380000 - 0x00007ffe075f9000 	C:\Windows\WinSxS\amd64_microsoft.windows.common-controls_6595b64144ccf1df_6.0.17763.1039_none_de701650534c7021\COMCTL32.dll
0x00007ffe16980000 - 0x00007ffe16cac000 	C:\Windows\System32\combase.dll
0x00007ffe15b80000 - 0x00007ffe15bfe000 	C:\Windows\System32\bcryptPrimitives.dll
0x00007ffe16730000 - 0x00007ffe1675e000 	C:\Windows\System32\IMM32.DLL
0x0000000069300000 - 0x00000000693d2000 	C:\Program Files\Java\jdk1.8.0_191\jre\bin\msvcr100.dll
0x0000000067a00000 - 0x00000000682a4000 	C:\Program Files\Java\jdk1.8.0_191\jre\bin\server\jvm.dll
0x00007ffe186c0000 - 0x00007ffe186c8000 	C:\Windows\System32\PSAPI.DLL
0x00007ffe0f580000 - 0x00007ffe0f58a000 	C:\Windows\SYSTEM32\VERSION.dll
0x00007ffdfea40000 - 0x00007ffdfea49000 	C:\Windows\SYSTEM32\WSOCK32.dll
0x00007ffe12950000 - 0x00007ffe12974000 	C:\Windows\SYSTEM32\WINMM.dll
0x00007ffe16910000 - 0x00007ffe1697d000 	C:\Windows\System32\WS2_32.dll
0x00007ffe125c0000 - 0x00007ffe125ed000 	C:\Windows\SYSTEM32\winmmbase.dll
0x00007ffe151f0000 - 0x00007ffe1523a000 	C:\Windows\System32\cfgmgr32.dll
0x00000000692f0000 - 0x00000000692ff000 	C:\Program Files\Java\jdk1.8.0_191\jre\bin\verify.dll
0x00000000692c0000 - 0x00000000692e9000 	C:\Program Files\Java\jdk1.8.0_191\jre\bin\java.dll
0x0000000069220000 - 0x0000000069243000 	C:\Program Files\Java\jdk1.8.0_191\jre\bin\instrument.dll
0x00000000692a0000 - 0x00000000692b6000 	C:\Program Files\Java\jdk1.8.0_191\jre\bin\zip.dll
0x00007ffe171c0000 - 0x00007ffe186b4000 	C:\Windows\System32\SHELL32.dll
0x00007ffe16090000 - 0x00007ffe16138000 	C:\Windows\System32\shcore.dll
0x00007ffe153e0000 - 0x00007ffe15b2d000 	C:\Windows\System32\windows.storage.dll
0x00007ffe149d0000 - 0x00007ffe149f4000 	C:\Windows\System32\profapi.dll
0x00007ffe14a00000 - 0x00007ffe14a5d000 	C:\Windows\System32\powrprof.dll
0x00007ffe16fd0000 - 0x00007ffe17022000 	C:\Windows\System32\shlwapi.dll
0x00007ffe14a80000 - 0x00007ffe14a91000 	C:\Windows\System32\kernel.appcore.dll
0x00007ffe15b60000 - 0x00007ffe15b77000 	C:\Windows\System32\cryptsp.dll
0x00007ffdfb9b0000 - 0x00007ffdfb9ca000 	C:\Program Files\JetBrains\IntelliJ IDEA Community Edition 2018.2.2\bin\breakgen64.dll
0x0000000069280000 - 0x000000006929a000 	C:\Program Files\Java\jdk1.8.0_191\jre\bin\net.dll
0x00007ffe14240000 - 0x00007ffe142a7000 	C:\Windows\system32\mswsock.dll
0x0000000069250000 - 0x000000006925d000 	C:\Program Files\Java\jdk1.8.0_191\jre\bin\management.dll
0x00007ffdfea70000 - 0x00007ffdfea86000 	C:\Windows\system32\napinsp.dll
0x00007ffdfc6b0000 - 0x00007ffdfc6ca000 	C:\Windows\system32\pnrpnsp.dll
0x00007ffe13fa0000 - 0x00007ffe14066000 	C:\Windows\SYSTEM32\DNSAPI.dll
0x00007ffe16140000 - 0x00007ffe16148000 	C:\Windows\System32\NSI.dll
0x00007ffe13f60000 - 0x00007ffe13f9d000 	C:\Windows\SYSTEM32\IPHLPAPI.DLL
0x00007ffdfeb00000 - 0x00007ffdfeb0e000 	C:\Windows\System32\winrnr.dll
0x00007ffe11460000 - 0x00007ffe1147b000 	C:\Windows\system32\NLAapi.dll
0x00007ffdfc2c0000 - 0x00007ffdfc2d5000 	C:\Windows\system32\wshbth.dll
0x00007ffe09f20000 - 0x00007ffe09f2a000 	C:\Windows\System32\rasadhlp.dll
0x00007ffe0a100000 - 0x00007ffe0a179000 	C:\Windows\System32\fwpuclnt.dll
0x00007ffe15b30000 - 0x00007ffe15b56000 	C:\Windows\System32\bcrypt.dll
0x00007ffe0fd70000 - 0x00007ffe0fd86000 	C:\Windows\SYSTEM32\dhcpcsvc6.DLL
0x00007ffe0fd50000 - 0x00007ffe0fd6c000 	C:\Windows\SYSTEM32\dhcpcsvc.DLL
0x00007ffe13dc0000 - 0x00007ffe13df3000 	C:\Windows\system32\rsaenh.dll
0x00007ffe148d0000 - 0x00007ffe148f8000 	C:\Windows\SYSTEM32\USERENV.dll
0x00007ffe14410000 - 0x00007ffe1441c000 	C:\Windows\SYSTEM32\CRYPTBASE.dll
0x0000000069260000 - 0x0000000069271000 	C:\Program Files\Java\jdk1.8.0_191\jre\bin\nio.dll
0x00007ffdefce0000 - 0x00007ffdefd44000 	C:\Users\HarperJr\AppData\Local\Temp\lwjglHarperJr\3.2.3-build-13\lwjgl.dll
0x00007ffdef970000 - 0x00007ffdef9d2000 	C:\Users\HarperJr\AppData\Local\Temp\lwjglHarperJr\3.2.3-build-13\glfw.dll
0x00007ffe12ef0000 - 0x00007ffe12f8c000 	C:\Windows\system32\uxtheme.dll
0x00007ffdefc10000 - 0x00007ffdefc54000 	C:\Windows\SYSTEM32\dinput8.dll
0x00007ffe03b30000 - 0x00007ffe03b41000 	C:\Windows\SYSTEM32\xinput1_4.dll
0x00007ffe147e0000 - 0x00007ffe14809000 	C:\Windows\SYSTEM32\DEVOBJ.dll
0x00007ffe132a0000 - 0x00007ffe132ce000 	C:\Windows\SYSTEM32\dwmapi.dll
0x00007ffe14ef0000 - 0x00007ffe150cc000 	C:\Windows\System32\CRYPT32.dll
0x00007ffe14a60000 - 0x00007ffe14a72000 	C:\Windows\System32\MSASN1.dll
0x00007ffe07810000 - 0x00007ffe078dc000 	C:\Windows\SYSTEM32\inputhost.dll
0x00007ffe12980000 - 0x00007ffe12a62000 	C:\Windows\SYSTEM32\CoreMessaging.dll
0x00007ffe13090000 - 0x00007ffe1329d000 	C:\Windows\SYSTEM32\twinapi.appcore.dll
0x00007ffe10510000 - 0x00007ffe10832000 	C:\Windows\SYSTEM32\CoreUIComponents.dll
0x00007ffe11e30000 - 0x00007ffe123ee000 	C:\Windows\SYSTEM32\d2d1.dll
0x00007ffe11bb0000 - 0x00007ffe11e2e000 	C:\Windows\SYSTEM32\d3d11.dll
0x00007ffe10260000 - 0x00007ffe103b3000 	C:\Windows\SYSTEM32\wintypes.dll
0x00007ffe11100000 - 0x00007ffe112a9000 	C:\Windows\SYSTEM32\PROPSYS.dll
0x00007ffe132d0000 - 0x00007ffe132f8000 	C:\Windows\SYSTEM32\RMCLIENT.dll
0x00007ffe17030000 - 0x00007ffe170f4000 	C:\Windows\System32\OLEAUT32.dll
0x00007ffe13a40000 - 0x00007ffe13a71000 	C:\Windows\SYSTEM32\ntmarta.dll
0x00007ffe13700000 - 0x00007ffe137c2000 	C:\Windows\SYSTEM32\dxgi.dll
0x00007ffe16cb0000 - 0x00007ffe16e1c000 	C:\Windows\System32\MSCTF.dll
0x00007ffe13670000 - 0x00007ffe1367e000 	C:\Windows\SYSTEM32\HID.DLL
0x00007ffe16280000 - 0x00007ffe166f6000 	C:\Windows\System32\SETUPAPI.DLL
0x00007ffe15190000 - 0x00007ffe151e9000 	C:\Windows\System32\WINTRUST.dll
0x00007ffddca30000 - 0x00007ffddcb57000 	C:\Windows\SYSTEM32\opengl32.dll
0x00007ffdf6000000 - 0x00007ffdf602c000 	C:\Windows\SYSTEM32\GLU32.dll
0x00007ffda87a0000 - 0x00007ffdaae76000 	C:\Windows\System32\DriverStore\FileRepository\nv_dispi.inf_amd64_eb2e336f678f7f83\nvoglv64.dll
0x00007ffe15f30000 - 0x00007ffe16085000 	C:\Windows\System32\ole32.dll
0x00007ffe113c0000 - 0x00007ffe113d3000 	C:\Windows\SYSTEM32\WTSAPI32.dll
0x00007ffdd7a00000 - 0x00007ffdd7cc2000 	C:\Windows\system32\nvspcap64.dll
0x00007ffe13ae0000 - 0x00007ffe13b38000 	C:\Windows\SYSTEM32\WINSTA.dll
0x00007ffde56c0000 - 0x00007ffde5719000 	C:\Users\HarperJr\AppData\Local\Temp\lwjglHarperJr\3.2.3-build-13\lwjgl_opengl.dll
0x00007ffe078e0000 - 0x00007ffe07975000 	C:\Windows\System32\TextInputFramework.dll
0x00007ffdd8a50000 - 0x00007ffdd910f000 	C:\Users\HarperJr\AppData\Local\Temp\lwjglHarperJr\3.2.3-build-13\assimp.dll
0x00007ffe02a90000 - 0x00007ffe02c7d000 	C:\Windows\SYSTEM32\dbghelp.dll

VM Arguments:
jvm_args: -javaagent:C:\Program Files\JetBrains\IntelliJ IDEA Community Edition 2018.2.2\lib\idea_rt.jar=57514:C:\Program Files\JetBrains\IntelliJ IDEA Community Edition 2018.2.2\bin -Dfile.encoding=UTF-8 
java_command: com.conceptic.firefly.MainKt
java_class_path (initial): C:\Program Files\Java\jdk1.8.0_191\jre\lib\charsets.jar;C:\Program Files\Java\jdk1.8.0_191\jre\lib\deploy.jar;C:\Program Files\Java\jdk1.8.0_191\jre\lib\ext\access-bridge-64.jar;C:\Program Files\Java\jdk1.8.0_191\jre\lib\ext\cldrdata.jar;C:\Program Files\Java\jdk1.8.0_191\jre\lib\ext\dnsns.jar;C:\Program Files\Java\jdk1.8.0_191\jre\lib\ext\jaccess.jar;C:\Program Files\Java\jdk1.8.0_191\jre\lib\ext\jfxrt.jar;C:\Program Files\Java\jdk1.8.0_191\jre\lib\ext\localedata.jar;C:\Program Files\Java\jdk1.8.0_191\jre\lib\ext\nashorn.jar;C:\Program Files\Java\jdk1.8.0_191\jre\lib\ext\sunec.jar;C:\Program Files\Java\jdk1.8.0_191\jre\lib\ext\sunjce_provider.jar;C:\Program Files\Java\jdk1.8.0_191\jre\lib\ext\sunmscapi.jar;C:\Program Files\Java\jdk1.8.0_191\jre\lib\ext\sunpkcs11.jar;C:\Program Files\Java\jdk1.8.0_191\jre\lib\ext\zipfs.jar;C:\Program Files\Java\jdk1.8.0_191\jre\lib\javaws.jar;C:\Program Files\Java\jdk1.8.0_191\jre\lib\jce.jar;C:\Program Files\Java\jdk1.8.0_191\jre\lib\jfr.jar;C:\Program Files\Java\jdk1.8.0_191\jre\lib\jfxswt.jar;C:\Program Files\Java\jdk1.8.0_191\jre\lib\jsse.jar;C:\Program Files\Java\jdk1.8.0_191\jre\lib\management-agent.jar;C:\Program Files\Java\jdk1.8.0_191\jre\lib\plugin.jar;C:\Program Files\Java\jdk1.8.0_191\jre\lib\resources.jar;C:\Program Files\Java\jdk1.8.0_191\jre\lib\rt.jar;C:\Users\HarperJr\Desktop\InDev\firefly\out\production\classes;C:\Users\HarperJr\Desktop\InDev\firefly\out\production\resources;C:\Users\HarperJr\.gradle\caches\modules-2\files-2.1\org.jetbrains.kotlin\kotlin-stdlib-jdk8\1.3.11\dd9bff00d6cfca58b6c1fe89be8e0678e35cf35f\kotlin-stdlib-jdk8-1.3.11.jar;C:\Users\HarperJr\.gradle\caches\modules-2\files-2.1\org.jetbrains.kotlin\kotlin-reflect\1.3.11\aae7b33412715e9ed441934c4ffaad1bb80e9d36\kotlin-reflect-1.3.11.jar;C:\Users\HarperJr\.gradle\caches\modules-2\files-2.1\org.apache.logging.log4j\log4j-core\2.12.1\4382e93136c06bfb34ddfa0bb8a9fb4ea2f3df59\log4j-core-2.12.1.jar;C:\Users\HarperJr\.gradle\ca
Launcher Type: SUN_STANDARD

Environment Variables:
PATH=C:\Program Files\Oculus\Support\oculus-runtime;C:\Program Files (x86)\Common Files\Oracle\Java\javapath;C:\Windows\system32;C:\Windows;C:\Windows\System32\Wbem;C:\Windows\System32\WindowsPowerShell\v1.0\;C:\Windows\System32\OpenSSH\;C:\Program Files (x86)\NVIDIA Corporation\PhysX\Common;C:\Program Files\NVIDIA Corporation\NVIDIA NvDLISR;C:\Program Files\TortoiseGit\bin;C:\Program Files\PuTTY\;C:\Program Files\nodejs\;C:\Program Files\dotnet\;C:\Program Files\Common Files\Autodesk Shared\;C:\Program Files (x86)\Autodesk\Backburner\;C:\Program Files\Microsoft SQL Server\120\Tools\Binn\;C:\Users\HarperJr\.windows-build-tools\python27\;C:\Program Files\MySQL\MySQL Shell 8.0\bin\;C:\Users\HarperJr\AppData\Local\atom\bin;"C:\Users\HarperJr\.windows-build-tools\python27;C:\Users\HarperJr\.windows-build-tools\python27;%PYTHON%;;";C:\Users\HarperJr\AppData\Roaming\npm;C:\Users\HarperJr\.dotnet\tools;C:\Users\HarperJr\AppData\Local\Programs\Microsoft VS Code\bin;C:\apache-maven-3.6.3\bin;C:\Program Files\Git\bin;
USERNAME=HarperJr
OS=Windows_NT
PROCESSOR_IDENTIFIER=AMD64 Family 23 Model 8 Stepping 2, AuthenticAMD



---------------  S Y S T E M  ---------------

OS: Windows 10.0 , 64 bit Build 17763 (10.0.17763.475)

CPU:total 12 (initial active 12) (12 cores per cpu, 1 threads per core) family 23 model 8 stepping 2, cmov, cx8, fxsr, mmx, sse, sse2, sse3, ssse3, sse4.1, sse4.2, popcnt, avx, avx2, aes, clmul, mmxext, 3dnowpref, lzcnt, sse4a, tsc, tscinvbit, tscinv, bmi1

Memory: 4k page, physical 16727068k(7672264k free), swap 21707804k(5679928k free)

vm_info: Java HotSpot(TM) 64-Bit Server VM (25.191-b12) for windows-amd64 JRE (1.8.0_191-b12), built on Oct  6 2018 09:29:03 by "java_re" with MS VC++ 10.0 (VS2010)

time: Fri Feb 21 01:33:10 2020
elapsed time: 2 seconds (0d 0h 0m 2s)

